<?xml version="1.0" encoding="UTF-8"?>
<!-- Generated by org.testng.reporters.JUnitReportReporter -->
<testsuite hostname="DESKTOP-B9F1C60" failures="0" tests="1" name="test.CheckoutFinalPriceCompareTest" time="28.896" errors="0" timestamp="2022-12-21T10:29:54 MSK" skipped="0">
  <testcase classname="test.CheckoutFinalPriceCompareTest" name="CheckIfCheckoutPriceIsRight" time="28.896"/>
  <system-out/>
</testsuite> <!-- test.CheckoutFinalPriceCompareTest -->
