<?xml version="1.0" encoding="UTF-8"?>
<!-- Generated by org.testng.reporters.JUnitReportReporter -->
<testsuite hostname="DESKTOP-B9F1C60" failures="0" tests="1" name="test.FilterTest" time="13.444" errors="0" timestamp="2022-12-21T10:29:54 MSK" skipped="0">
  <testcase classname="test.FilterTest" name="CheckIfAddedTest" time="13.444"/>
  <system-out/>
</testsuite> <!-- test.FilterTest -->
